2025-02-06 15:09:07,272 [5544 ] INFO              asyncore - 1.8 builded in Jan 27 2025 11:14:40
2025-02-06 15:09:07,288 [5544 ] INFO              asyncore - Developer:Shengqian Yang, from China, E-mail: netsecsp@hotmail.com
Copyright (c) netsecsp 2012-2032, All rights reserved.
2025-02-06 15:09:07,288 [5544 ] INFO              asyncore - https://github.com/netsecsp/asynframe
2025-02-06 15:09:07,288 [5544 ] INFO              asyncore - ossysinfo:2/6.1.2:NT
2025-02-06 15:09:07,288 [5544 ] TRACE             asyncore - [002CB990]is created. 
2025-02-06 15:09:07,288 [5544 ] INFO     CInstancesManager - [002F7F00]is created, events: 00000000, sysroot: Z:\Gits\api_ms\3rd\Sui\bin
2025-02-06 15:09:07,288 [5544 ] INFO              CSetting - [002FF628]load from C:\Users\alex\AppData\Roaming\Netsecsp\demod\config.ini
2025-02-06 15:09:07,288 [5544 ] INFO                  mmps - is created on thread: 5544
2025-02-06 15:09:07,288 [5544 ] TRACE          CMemoryPool - [002E4CF0]is created. 
2025-02-06 15:09:07,288 [5544 ] INFO     CInstancesManager - Require: ident=crashexplorer, owner=com.frame.crashexplorer, sofilename=crashexplorer
2025-02-06 15:09:13,511 [5544 ] TRACE             asyncore - [002F7F00]verify thread[5544] result=0
2025-02-06 15:09:13,512 [5544 ] TRACE   CThreadMessagePump - [003816D0]is created: 083FCED8, events: 00000000
2025-02-06 15:09:13,514 [5544 ] TRACE        CTimerManager - [00309744]is created. 
2025-02-06 15:09:13,515 [5544 ] TRACE                CUapc - [00309730]is created: 083FCED8, cident: 2
2025-02-06 15:09:13,515 [5544 ] TRACE       CThread(frame) - [083FCED8]is created: 003816D0/0000074C
2025-02-06 15:09:13,516 [5544 ] DEBUG   CThreadMessagePump - [003816D0]attach thread[0000074C.5544] for window
2025-02-06 15:09:17,508 [5544 ] TRACE       CThread(frame) - [083FCED8]start to Uninit...
2025-02-06 15:09:17,511 [5544 ] TRACE        COverlappedex - [0840C040]is created: 00309730, cident: 0F.0840C09C
2025-02-06 15:09:17,511 [5544 ] TRACE                CUapc - [00309730]notify thread[0000074C] quit
2025-02-06 15:09:17,512 [5544 ] TRACE       CThread(frame) - [083FCED8]is deleted.
